KB:
{
F0(C0, C1)
F0(C1, C2)
F0(C2, C3)
~F0(a, b) | F0(b, a)
~F0(c, a) | ~F0(a, b) | F0(c, b)
}
Query:
~F0(C0, C1):
:~F0(C0, C1)
:F0(C0, C1)
=>FALSE
TRUE
F0(C0, C1):
:F0(C0, C1)
:~F0(a, b) | F0(b, a)
=>F0(C1, C0)

:F0(C1, C0)
:~F0(a, b) | F0(b, a)
=>F0(C0, C1)

:F0(C0, C1)
:~F0(a, b) | F0(b, a)
=>F0(C1, C0)

:F0(C0, C1)
:~F0(c, a) | ~F0(a, b) | F0(c, b)
=>~F0(C1, a) | F0(C0, a)

:~F0(C1, a) | F0(C0, a)
:F0(C1, C2)
=>F0(C0, C2)

:F0(C0, C2)
:~F0(a, b) | F0(b, a)
=>F0(C2, C0)

:F0(C2, C0)
:~F0(a, b) | F0(b, a)
=>F0(C0, C2)

:F0(C2, C0)
:~F0(c, a) | ~F0(a, b) | F0(c, b)
=>~F0(C0, a) | F0(C2, a)

:~F0(C0, a) | F0(C2, a)
:F0(C0, C1)
=>F0(C2, C1)

:F0(C2, C1)
:~F0(a, b) | F0(b, a)
=>F0(C1, C2)

:F0(C1, C2)
:~F0(a, b) | F0(b, a)
=>F0(C2, C1)

:F0(C1, C2)
:~F0(c, a) | ~F0(a, b) | F0(c, b)
=>~F0(C2, a) | F0(C1, a)

:~F0(C2, a) | F0(C1, a)
:F0(C2, C3)
=>F0(C1, C3)

:F0(C1, C3)
:~F0(a, b) | F0(b, a)
=>F0(C3, C1)

:F0(C3, C1)
:~F0(a, b) | F0(b, a)
=>F0(C1, C3)

:F0(C3, C1)
:~F0(c, a) | ~F0(a, b) | F0(c, b)
=>~F0(C1, a) | F0(C3, a)

:~F0(C1, a) | F0(C3, a)
:F0(C1, C2)
=>F0(C3, C2)

:F0(C3, C2)
:~F0(a, b) | F0(b, a)
=>F0(C2, C3)

:F0(C2, C3)
:~F0(a, b) | F0(b, a)
=>F0(C3, C2)

:F0(C2, C3)
:~F0(c, a) | ~F0(a, b) | F0(c, b)
=>~F0(C3, a) | F0(C2, a)

:~F0(C3, a) | F0(C2, a)
:~F0(a, b) | F0(b, a)
=>~F0(a, C3) | F0(C2, a)

:~F0(a, C3) | F0(C2, a)
:F0(C2, C3)
=>F0(C2, C2)

:F0(C2, C2)
:~F0(a, b) | F0(b, a)
=>F0(C2, C2)

:F0(C2, C2)
:~F0(c, a) | ~F0(a, b) | F0(c, b)
=>FALSE
TRUE
~F0(C0, C2):
:~F0(C0, C2)
:~F0(a, b) | F0(b, a)
=>~F0(C2, C0)

:~F0(C2, C0)
:~F0(a, b) | F0(b, a)
=>~F0(C0, C2)

:~F0(C0, C2)
:~F0(a, b) | F0(b, a)
=>~F0(C2, C0)

:~F0(C0, C2)
:~F0(c, a) | ~F0(a, b) | F0(c, b)
=>~F0(a, C2) | ~F0(C0, a)

:~F0(a, C2) | ~F0(C0, a)
:F0(C1, C2)
=>~F0(C0, C1)

:~F0(C0, C1)
:F0(C0, C1)
=>FALSE
TRUE
F0(C0, C2):
:F0(C0, C2)
:~F0(a, b) | F0(b, a)
=>F0(C2, C0)

:F0(C2, C0)
:~F0(a, b) | F0(b, a)
=>F0(C0, C2)

:F0(C0, C2)
:~F0(a, b) | F0(b, a)
=>F0(C2, C0)

:F0(C0, C2)
:~F0(c, a) | ~F0(a, b) | F0(c, b)
=>~F0(C2, a) | F0(C0, a)

:~F0(C2, a) | F0(C0, a)
:F0(C2, C3)
=>F0(C0, C3)

:F0(C0, C3)
:~F0(a, b) | F0(b, a)
=>F0(C3, C0)

:F0(C3, C0)
:~F0(a, b) | F0(b, a)
=>F0(C0, C3)

:F0(C3, C0)
:~F0(c, a) | ~F0(a, b) | F0(c, b)
=>~F0(C0, a) | F0(C3, a)

:~F0(C0, a) | F0(C3, a)
:F0(C0, C1)
=>F0(C3, C1)

:F0(C3, C1)
:~F0(a, b) | F0(b, a)
=>F0(C1, C3)

:F0(C1, C3)
:~F0(a, b) | F0(b, a)
=>F0(C3, C1)

:F0(C1, C3)
:~F0(c, a) | ~F0(a, b) | F0(c, b)
=>~F0(C3, a) | F0(C1, a)

:~F0(C3, a) | F0(C1, a)
:~F0(a, b) | F0(b, a)
=>~F0(a, C3) | F0(C1, a)

:~F0(a, C3) | F0(C1, a)
:F0(C2, C3)
=>F0(C1, C2)

:F0(C1, C2)
:~F0(a, b) | F0(b, a)
=>F0(C2, C1)

:F0(C2, C1)
:~F0(a, b) | F0(b, a)
=>F0(C1, C2)

:F0(C2, C1)
:~F0(c, a) | ~F0(a, b) | F0(c, b)
=>~F0(C1, a) | F0(C2, a)

:~F0(C1, a) | F0(C2, a)
:F0(C1, C2)
=>F0(C2, C2)

:F0(C2, C2)
:~F0(a, b) | F0(b, a)
=>F0(C2, C2)

:F0(C2, C2)
:~F0(c, a) | ~F0(a, b) | F0(c, b)
=>FALSE
TRUE
~F0(C0, C3):
:~F0(C0, C3)
:~F0(a, b) | F0(b, a)
=>~F0(C3, C0)

:~F0(C3, C0)
:~F0(a, b) | F0(b, a)
=>~F0(C0, C3)

:~F0(C0, C3)
:~F0(a, b) | F0(b, a)
=>~F0(C3, C0)

:~F0(C0, C3)
:~F0(c, a) | ~F0(a, b) | F0(c, b)
=>~F0(a, C3) | ~F0(C0, a)

:~F0(a, C3) | ~F0(C0, a)
:F0(C2, C3)
=>~F0(C0, C2)

:~F0(C0, C2)
:~F0(a, b) | F0(b, a)
=>~F0(C2, C0)

:~F0(C2, C0)
:~F0(a, b) | F0(b, a)
=>~F0(C0, C2)

:~F0(C2, C0)
:~F0(c, a) | ~F0(a, b) | F0(c, b)
=>~F0(a, C0) | ~F0(C2, a)

:~F0(a, C0) | ~F0(C2, a)
:~F0(a, b) | F0(b, a)
=>~F0(C0, a) | ~F0(C2, a)

:~F0(C0, a) | ~F0(C2, a)
:F0(C0, C1)
=>~F0(C2, C1)

:~F0(C2, C1)
:~F0(a, b) | F0(b, a)
=>~F0(C1, C2)

:~F0(C1, C2)
:F0(C1, C2)
=>FALSE
TRUE
F0(C0, C3):
:F0(C0, C3)
:~F0(a, b) | F0(b, a)
=>F0(C3, C0)

:F0(C3, C0)
:~F0(a, b) | F0(b, a)
=>F0(C0, C3)

:F0(C0, C3)
:~F0(a, b) | F0(b, a)
=>F0(C3, C0)

:F0(C0, C3)
:~F0(c, a) | ~F0(a, b) | F0(c, b)
=>~F0(C3, a) | F0(C0, a)

:~F0(C3, a) | F0(C0, a)
:~F0(a, b) | F0(b, a)
=>~F0(a, C3) | F0(C0, a)

:~F0(a, C3) | F0(C0, a)
:F0(C0, C3)
=>F0(C0, C0)

:F0(C0, C0)
:~F0(a, b) | F0(b, a)
=>F0(C0, C0)

:F0(C0, C0)
:~F0(c, a) | ~F0(a, b) | F0(c, b)
=>FALSE
TRUE
~F0(C1, C0):
:~F0(C1, C0)
:~F0(a, b) | F0(b, a)
=>~F0(C0, C1)

:~F0(C0, C1)
:F0(C0, C1)
=>FALSE
TRUE
F0(C1, C0):
:F0(C1, C0)
:~F0(a, b) | F0(b, a)
=>F0(C0, C1)

:F0(C0, C1)
:~F0(a, b) | F0(b, a)
=>F0(C1, C0)

:F0(C1, C0)
:~F0(a, b) | F0(b, a)
=>F0(C0, C1)

:F0(C1, C0)
:~F0(c, a) | ~F0(a, b) | F0(c, b)
=>~F0(C0, a) | F0(C1, a)

:~F0(C0, a) | F0(C1, a)
:F0(C0, C1)
=>F0(C1, C1)

:F0(C1, C1)
:~F0(a, b) | F0(b, a)
=>F0(C1, C1)

:F0(C1, C1)
:~F0(c, a) | ~F0(a, b) | F0(c, b)
=>FALSE
TRUE
~F0(C2, C0):
:~F0(C2, C0)
:~F0(a, b) | F0(b, a)
=>~F0(C0, C2)

:~F0(C0, C2)
:~F0(a, b) | F0(b, a)
=>~F0(C2, C0)

:~F0(C2, C0)
:~F0(a, b) | F0(b, a)
=>~F0(C0, C2)

:~F0(C2, C0)
:~F0(c, a) | ~F0(a, b) | F0(c, b)
=>~F0(a, C0) | ~F0(C2, a)

:~F0(a, C0) | ~F0(C2, a)
:~F0(a, b) | F0(b, a)
=>~F0(C0, a) | ~F0(C2, a)

:~F0(C0, a) | ~F0(C2, a)
:F0(C0, C1)
=>~F0(C2, C1)

:~F0(C2, C1)
:~F0(a, b) | F0(b, a)
=>~F0(C1, C2)

:~F0(C1, C2)
:F0(C1, C2)
=>FALSE
TRUE
F0(C2, C0):
:F0(C2, C0)
:~F0(a, b) | F0(b, a)
=>F0(C0, C2)

:F0(C0, C2)
:~F0(a, b) | F0(b, a)
=>F0(C2, C0)

:F0(C2, C0)
:~F0(a, b) | F0(b, a)
=>F0(C0, C2)

:F0(C2, C0)
:~F0(c, a) | ~F0(a, b) | F0(c, b)
=>~F0(C0, a) | F0(C2, a)

:~F0(C0, a) | F0(C2, a)
:F0(C0, C1)
=>F0(C2, C1)

:F0(C2, C1)
:~F0(a, b) | F0(b, a)
=>F0(C1, C2)

:F0(C1, C2)
:~F0(a, b) | F0(b, a)
=>F0(C2, C1)

:F0(C1, C2)
:~F0(c, a) | ~F0(a, b) | F0(c, b)
=>~F0(C2, a) | F0(C1, a)

:~F0(C2, a) | F0(C1, a)
:F0(C2, C0)
=>F0(C1, C0)

:F0(C1, C0)
:~F0(a, b) | F0(b, a)
=>F0(C0, C1)

:F0(C0, C1)
:~F0(a, b) | F0(b, a)
=>F0(C1, C0)

:F0(C0, C1)
:~F0(c, a) | ~F0(a, b) | F0(c, b)
=>~F0(C1, a) | F0(C0, a)

:~F0(C1, a) | F0(C0, a)
:F0(C1, C2)
=>F0(C0, C2)

:~F0(C1, a) | F0(C0, a)
:~F0(a, b) | F0(b, a)
=>~F0(a, C1) | F0(C0, a)

:~F0(a, C1) | F0(C0, a)
:F0(C0, C1)
=>F0(C0, C0)

:F0(C0, C0)
:~F0(a, b) | F0(b, a)
=>F0(C0, C0)

:F0(C0, C0)
:~F0(c, a) | ~F0(a, b) | F0(c, b)
=>FALSE
TRUE
~F0(C3, C0):
:~F0(C3, C0)
:~F0(a, b) | F0(b, a)
=>~F0(C0, C3)

:~F0(C0, C3)
:~F0(a, b) | F0(b, a)
=>~F0(C3, C0)

:~F0(C3, C0)
:~F0(a, b) | F0(b, a)
=>~F0(C0, C3)

:~F0(C3, C0)
:~F0(c, a) | ~F0(a, b) | F0(c, b)
=>~F0(a, C0) | ~F0(C3, a)

:~F0(a, C0) | ~F0(C3, a)
:~F0(a, b) | F0(b, a)
=>~F0(C0, a) | ~F0(C3, a)

:~F0(C0, a) | ~F0(C3, a)
:F0(C0, C1)
=>~F0(C3, C1)

:~F0(C3, C1)
:~F0(a, b) | F0(b, a)
=>~F0(C1, C3)

:~F0(C1, C3)
:~F0(a, b) | F0(b, a)
=>~F0(C3, C1)

:~F0(C1, C3)
:~F0(c, a) | ~F0(a, b) | F0(c, b)
=>~F0(a, C3) | ~F0(C1, a)

:~F0(a, C3) | ~F0(C1, a)
:F0(C2, C3)
=>~F0(C1, C2)

:~F0(C1, C2)
:F0(C1, C2)
=>FALSE
TRUE
F0(C3, C0):
:F0(C3, C0)
:~F0(a, b) | F0(b, a)
=>F0(C0, C3)

:F0(C0, C3)
:~F0(a, b) | F0(b, a)
=>F0(C3, C0)

:F0(C3, C0)
:~F0(a, b) | F0(b, a)
=>F0(C0, C3)

:F0(C3, C0)
:~F0(c, a) | ~F0(a, b) | F0(c, b)
=>~F0(C0, a) | F0(C3, a)

:~F0(C0, a) | F0(C3, a)
:F0(C0, C1)
=>F0(C3, C1)

:F0(C3, C1)
:~F0(a, b) | F0(b, a)
=>F0(C1, C3)

:F0(C1, C3)
:~F0(a, b) | F0(b, a)
=>F0(C3, C1)

:F0(C1, C3)
:~F0(c, a) | ~F0(a, b) | F0(c, b)
=>~F0(C3, a) | F0(C1, a)

:~F0(C3, a) | F0(C1, a)
:F0(C3, C0)
=>F0(C1, C0)

:F0(C1, C0)
:~F0(a, b) | F0(b, a)
=>F0(C0, C1)

:F0(C0, C1)
:~F0(a, b) | F0(b, a)
=>F0(C1, C0)

:F0(C0, C1)
:~F0(c, a) | ~F0(a, b) | F0(c, b)
=>~F0(C1, a) | F0(C0, a)

:~F0(C1, a) | F0(C0, a)
:F0(C1, C2)
=>F0(C0, C2)

:F0(C0, C2)
:~F0(a, b) | F0(b, a)
=>F0(C2, C0)

:F0(C2, C0)
:~F0(a, b) | F0(b, a)
=>F0(C0, C2)

:F0(C2, C0)
:~F0(c, a) | ~F0(a, b) | F0(c, b)
=>~F0(C0, a) | F0(C2, a)

:~F0(C0, a) | F0(C2, a)
:F0(C0, C1)
=>F0(C2, C1)

:F0(C2, C1)
:~F0(a, b) | F0(b, a)
=>F0(C1, C2)

:F0(C1, C2)
:~F0(a, b) | F0(b, a)
=>F0(C2, C1)

:F0(C1, C2)
:~F0(c, a) | ~F0(a, b) | F0(c, b)
=>~F0(C2, a) | F0(C1, a)

:~F0(C2, a) | F0(C1, a)
:F0(C2, C3)
=>F0(C1, C3)

:~F0(C2, a) | F0(C1, a)
:~F0(a, b) | F0(b, a)
=>~F0(a, C2) | F0(C1, a)

:~F0(a, C2) | F0(C1, a)
:F0(C1, C2)
=>F0(C1, C1)

:F0(C1, C1)
:~F0(a, b) | F0(b, a)
=>F0(C1, C1)

:F0(C1, C1)
:~F0(c, a) | ~F0(a, b) | F0(c, b)
=>FALSE
TRUE
